Determining if the pthread_create exist failed with the following output:
Change Dir: /home/pau/Escritorio/Master en Robotica/Robotics Integration/ros_tutorials/catkin_ws/build/CMakeFiles/CMakeTmp

Run Build Command:"/usr/bin/make" "cmTC_ad2b3/fast"
/usr/bin/make -f CMakeFiles/cmTC_ad2b3.dir/build.make CMakeFiles/cmTC_ad2b3.dir/build
make[1]: se entra en el directorio '/home/pau/Escritorio/Master en Robotica/Robotics Integration/ros_tutorials/catkin_ws/build/CMakeFiles/CMakeTmp'
Building C object CMakeFiles/cmTC_ad2b3.dir/CheckSymbolExists.c.o
/usr/bin/cc    -o CMakeFiles/cmTC_ad2b3.dir/CheckSymbolExists.c.o   -c "/home/pau/Escritorio/Master en Robotica/Robotics Integration/ros_tutorials/catkin_ws/build/CMakeFiles/CMakeTmp/CheckSymbolExists.c"
Linking C executable cmTC_ad2b3
/usr/bin/cmake -E cmake_link_script CMakeFiles/cmTC_ad2b3.dir/link.txt --verbose=1
/usr/bin/cc      -rdynamic CMakeFiles/cmTC_ad2b3.dir/CheckSymbolExists.c.o  -o cmTC_ad2b3 
CMakeFiles/cmTC_ad2b3.dir/CheckSymbolExists.c.o: En la función `main':
CheckSymbolExists.c:(.text+0x1b): referencia a `pthread_create' sin definir
collect2: error: ld returned 1 exit status
CMakeFiles/cmTC_ad2b3.dir/build.make:97: recipe for target 'cmTC_ad2b3' failed
make[1]: *** [cmTC_ad2b3] Error 1
make[1]: se sale del directorio '/home/pau/Escritorio/Master en Robotica/Robotics Integration/ros_tutorials/catkin_ws/build/CMakeFiles/CMakeTmp'
Makefile:126: recipe for target 'cmTC_ad2b3/fast' failed
make: *** [cmTC_ad2b3/fast] Error 2

File /home/pau/Escritorio/Master en Robotica/Robotics Integration/ros_tutorials/catkin_ws/build/CMakeFiles/CMakeTmp/CheckSymbolExists.c:
/* */
#include <pthread.h>

int main(int argc, char** argv)
{
  (void)argv;
#ifndef pthread_create
  return ((int*)(&pthread_create))[argc];
#else
  (void)argc;
  return 0;
#endif
}

Determining if the function pthread_create exists in the pthreads failed with the following output:
Change Dir: /home/pau/Escritorio/Master en Robotica/Robotics Integration/ros_tutorials/catkin_ws/build/CMakeFiles/CMakeTmp

Run Build Command:"/usr/bin/make" "cmTC_21bec/fast"
/usr/bin/make -f CMakeFiles/cmTC_21bec.dir/build.make CMakeFiles/cmTC_21bec.dir/build
make[1]: se entra en el directorio '/home/pau/Escritorio/Master en Robotica/Robotics Integration/ros_tutorials/catkin_ws/build/CMakeFiles/CMakeTmp'
Building C object CMakeFiles/cmTC_21bec.dir/CheckFunctionExists.c.o
/usr/bin/cc   -DCHECK_FUNCTION_EXISTS=pthread_create   -o CMakeFiles/cmTC_21bec.dir/CheckFunctionExists.c.o   -c /usr/share/cmake-3.10/Modules/CheckFunctionExists.c
Linking C executable cmTC_21bec
/usr/bin/cmake -E cmake_link_script CMakeFiles/cmTC_21bec.dir/link.txt --verbose=1
/usr/bin/cc  -DCHECK_FUNCTION_EXISTS=pthread_create    -rdynamic CMakeFiles/cmTC_21bec.dir/CheckFunctionExists.c.o  -o cmTC_21bec -lpthreads 
/usr/bin/ld: no se puede encontrar -lpthreads
collect2: error: ld returned 1 exit status
CMakeFiles/cmTC_21bec.dir/build.make:97: recipe for target 'cmTC_21bec' failed
make[1]: *** [cmTC_21bec] Error 1
make[1]: se sale del directorio '/home/pau/Escritorio/Master en Robotica/Robotics Integration/ros_tutorials/catkin_ws/build/CMakeFiles/CMakeTmp'
Makefile:126: recipe for target 'cmTC_21bec/fast' failed
make: *** [cmTC_21bec/fast] Error 2


